2023-08-11 11:01:53,775 [Worker-6: Loading available Gradle versions] INFO  o.e.b.c.i.u.g.PublishedGradleVersions - Gradle version information cache is out-of-date. Trying to update.
2023-08-11 11:01:53,982 [Worker-6: Loading available Gradle versions] INFO  o.e.b.c.i.u.g.PublishedGradleVersions - Updating Gradle version information cache failed. Using outdated cache.
2023-08-14 10:09:53,665 [Worker-23: Loading available Gradle versions] INFO  o.e.b.c.i.u.g.PublishedGradleVersions - Gradle version information cache is out-of-date. Trying to update.
2023-08-14 12:20:29,983 [Worker-18: Loading available Gradle versions] INFO  o.e.b.c.i.u.g.PublishedGradleVersions - Gradle version information cache is up-to-date. Trying to read.
2023-08-18 11:51:03,222 [ForkJoinPool.commonPool-worker-325] ERROR o.e.m.e.l.MavenRuntimeClasspathProvider - Illegal character in path at index 20: file:/C:/Users/Manit Hira/Downloads/Eclipse/eclipse-jee-2022-06-R-win32-x86_64/eclipse/plugins/org.eclipse.m2e.maven.runtime_1.18.3.20220227-1319/jars/
java.net.URISyntaxException: Illegal character in path at index 20: file:/C:/Users/Manit Hira/Downloads/Eclipse/eclipse-jee-2022-06-R-win32-x86_64/eclipse/plugins/org.eclipse.m2e.maven.runtime_1.18.3.20220227-1319/jars/
	at java.base/java.net.URI$Parser.fail(URI.java:2974) ~[na:na]
	at java.base/java.net.URI$Parser.checkChars(URI.java:3145) ~[na:na]
	at java.base/java.net.URI$Parser.parseHierarchical(URI.java:3227) ~[na:na]
	at java.base/java.net.URI$Parser.parse(URI.java:3175) ~[na:na]
	at java.base/java.net.URI.<init>(URI.java:623) ~[na:na]
	at java.base/java.net.URL.toURI(URL.java:1056) ~[na:na]
	at org.eclipse.m2e.editor.lemminx.MavenRuntimeClasspathProvider.addJarsFromBundle(MavenRuntimeClasspathProvider.java:81) ~[na:na]
	at org.eclipse.m2e.editor.lemminx.MavenRuntimeClasspathProvider.get(MavenRuntimeClasspathProvider.java:66) ~[na:na]
	at org.eclipse.m2e.editor.lemminx.MavenRuntimeClasspathProvider.get(MavenRuntimeClasspathProvider.java:1) ~[na:na]
	at java.base/java.util.stream.ReferencePipeline$3$1.accept(ReferencePipeline.java:197) ~[na:na]
	at java.base/java.util.stream.ReferencePipeline$3$1.accept(ReferencePipeline.java:197) ~[na:na]
	at java.base/java.util.HashMap$EntrySpliterator.forEachRemaining(HashMap.java:1850) ~[na:na]
	at java.base/java.util.stream.AbstractPipeline.copyInto(AbstractPipeline.java:509) ~[na:na]
	at java.base/java.util.stream.AbstractPipeline.wrapAndCopyInto(AbstractPipeline.java:499) ~[na:na]
	at java.base/java.util.stream.ForEachOps$ForEachOp.evaluateSequential(ForEachOps.java:150) ~[na:na]
	at java.base/java.util.stream.ForEachOps$ForEachOp$OfRef.evaluateSequential(ForEachOps.java:173) ~[na:na]
	at java.base/java.util.stream.AbstractPipeline.evaluate(AbstractPipeline.java:234) ~[na:na]
	at java.base/java.util.stream.ReferencePipeline.forEach(ReferencePipeline.java:596) ~[na:na]
	at org.eclipse.wildwebdeveloper.xml.internal.XMLExtensionRegistry.getXMLLSClassPathExtensions(XMLExtensionRegistry.java:81) ~[na:na]
	at org.eclipse.wildwebdeveloper.xml.internal.XMLLanguageServer.getExtensionJarPaths(XMLLanguageServer.java:148) ~[na:na]
	at org.eclipse.wildwebdeveloper.xml.internal.XMLLanguageServer.<init>(XMLLanguageServer.java:83) ~[na:na]
	at java.base/jdk.internal.reflect.NativeConstructorAccessorImpl.newInstance0(Native Method) ~[na:na]
	at java.base/jdk.internal.reflect.NativeConstructorAccessorImpl.newInstance(NativeConstructorAccessorImpl.java:77) ~[na:na]
	at java.base/jdk.internal.reflect.DelegatingConstructorAccessorImpl.newInstance(DelegatingConstructorAccessorImpl.java:45) ~[na:na]
	at java.base/java.lang.reflect.Constructor.newInstanceWithCaller(Constructor.java:499) ~[na:na]
	at java.base/java.lang.reflect.Constructor.newInstance(Constructor.java:480) ~[na:na]
	at org.eclipse.core.internal.registry.osgi.RegistryStrategyOSGI.createExecutableExtension(RegistryStrategyOSGI.java:204) ~[org.eclipse.equinox.registry_3.11.100.v20211021-1418.jar:na]
	at org.eclipse.core.internal.registry.ExtensionRegistry.createExecutableExtension(ExtensionRegistry.java:920) ~[org.eclipse.equinox.registry_3.11.100.v20211021-1418.jar:na]
	at org.eclipse.core.internal.registry.ConfigurationElement.createExecutableExtension(ConfigurationElement.java:246) ~[org.eclipse.equinox.registry_3.11.100.v20211021-1418.jar:na]
	at org.eclipse.core.internal.registry.ConfigurationElementHandle.createExecutableExtension(ConfigurationElementHandle.java:63) ~[org.eclipse.equinox.registry_3.11.100.v20211021-1418.jar:na]
	at org.eclipse.lsp4e.LanguageServersRegistry$ExtensionLanguageServerDefinition.createConnectionProvider(LanguageServersRegistry.java:161) ~[na:na]
	at org.eclipse.lsp4e.LanguageServerWrapper.lambda$0(LanguageServerWrapper.java:232) ~[na:na]
	at java.base/java.util.concurrent.CompletableFuture$AsyncSupply.run(CompletableFuture.java:1768) ~[na:na]
	at java.base/java.util.concurrent.CompletableFuture$AsyncSupply.exec(CompletableFuture.java:1760) ~[na:na]
	at java.base/java.util.concurrent.ForkJoinTask.doExec(ForkJoinTask.java:373) ~[na:na]
	at java.base/java.util.concurrent.ForkJoinPool$WorkQueue.topLevelExec(ForkJoinPool.java:1182) ~[na:na]
	at java.base/java.util.concurrent.ForkJoinPool.scan(ForkJoinPool.java:1655) ~[na:na]
	at java.base/java.util.concurrent.ForkJoinPool.runWorker(ForkJoinPool.java:1622) ~[na:na]
	at java.base/java.util.concurrent.ForkJoinWorkerThread.run(ForkJoinWorkerThread.java:165) ~[na:na]
2023-08-18 11:51:07,538 [Worker-393: Creating project "maven-jdbc"] INFO  o.e.m.c.i.l.LifecycleMappingFactory - Using org.eclipse.m2e.jdt.JarLifecycleMapping lifecycle mapping for MavenProject: com.osttra.jdbc:maven-jdbc:0.0.1-SNAPSHOT @ C:\Users\Manit Hira\OneDrive\Desktop\OstraNotepad\maven-jdbc\pom.xml.
2023-08-18 11:51:09,013 [Worker-393: Creating project "maven-jdbc"] INFO  o.e.m.j.i.AbstractJavaProjectConfigurator - Adding source folder /maven-jdbc/src/main/java
2023-08-18 11:51:09,014 [Worker-393: Creating project "maven-jdbc"] INFO  o.e.m.j.i.AbstractJavaProjectConfigurator - Adding resource folder /maven-jdbc/src/main/resources
2023-08-18 11:51:09,015 [Worker-393: Creating project "maven-jdbc"] INFO  o.e.m.j.i.AbstractJavaProjectConfigurator - Adding source folder /maven-jdbc/src/test/java
2023-08-18 11:51:09,015 [Worker-393: Creating project "maven-jdbc"] INFO  o.e.m.j.i.AbstractJavaProjectConfigurator - Adding resource folder /maven-jdbc/src/test/resources
2023-08-18 11:51:09,470 [Worker-399: Building] WARN  o.e.m.c.i.embedder.EclipseLogger - Using platform encoding (Cp1252 actually) to copy filtered resources, i.e. build is platform dependent!
2023-08-18 11:51:09,474 [Worker-399: Building] INFO  o.e.m.c.i.embedder.EclipseLogger - Copying 0 resource
2023-08-18 11:51:09,476 [Worker-399: Building] WARN  o.e.m.c.i.embedder.EclipseLogger - Using platform encoding (Cp1252 actually) to copy filtered resources, i.e. build is platform dependent!
2023-08-18 11:51:09,477 [Worker-399: Building] INFO  o.e.m.c.i.embedder.EclipseLogger - Copying 0 resource
2023-08-18 11:54:03,048 [Worker-403: Building] WARN  o.e.m.c.i.embedder.EclipseLogger - Using platform encoding (Cp1252 actually) to copy filtered resources, i.e. build is platform dependent!
2023-08-18 11:54:03,053 [Worker-403: Building] INFO  o.e.m.c.i.embedder.EclipseLogger - Copying 0 resource
2023-08-18 11:54:03,055 [Worker-403: Building] WARN  o.e.m.c.i.embedder.EclipseLogger - Using platform encoding (Cp1252 actually) to copy filtered resources, i.e. build is platform dependent!
2023-08-18 11:54:03,056 [Worker-403: Building] INFO  o.e.m.c.i.embedder.EclipseLogger - Copying 0 resource
2023-08-18 11:54:10,248 [Worker-404: Building] WARN  o.e.m.c.i.embedder.EclipseLogger - Using platform encoding (Cp1252 actually) to copy filtered resources, i.e. build is platform dependent!
2023-08-18 11:54:10,250 [Worker-404: Building] INFO  o.e.m.c.i.embedder.EclipseLogger - Copying 0 resource
2023-08-18 11:54:10,252 [Worker-404: Building] WARN  o.e.m.c.i.embedder.EclipseLogger - Using platform encoding (Cp1252 actually) to copy filtered resources, i.e. build is platform dependent!
2023-08-18 11:54:10,253 [Worker-404: Building] INFO  o.e.m.c.i.embedder.EclipseLogger - Copying 0 resource
2023-08-18 11:54:29,900 [Worker-403: Building] WARN  o.e.m.c.i.embedder.EclipseLogger - Using platform encoding (Cp1252 actually) to copy filtered resources, i.e. build is platform dependent!
2023-08-18 11:54:29,902 [Worker-403: Building] INFO  o.e.m.c.i.embedder.EclipseLogger - Copying 0 resource
2023-08-18 11:54:29,903 [Worker-403: Building] WARN  o.e.m.c.i.embedder.EclipseLogger - Using platform encoding (Cp1252 actually) to copy filtered resources, i.e. build is platform dependent!
2023-08-18 11:54:29,904 [Worker-403: Building] INFO  o.e.m.c.i.embedder.EclipseLogger - Copying 0 resource
2023-08-18 11:54:42,777 [Worker-399: Building] WARN  o.e.m.c.i.embedder.EclipseLogger - Using platform encoding (Cp1252 actually) to copy filtered resources, i.e. build is platform dependent!
2023-08-18 11:54:42,779 [Worker-399: Building] INFO  o.e.m.c.i.embedder.EclipseLogger - Copying 0 resource
2023-08-18 11:54:42,781 [Worker-399: Building] WARN  o.e.m.c.i.embedder.EclipseLogger - Using platform encoding (Cp1252 actually) to copy filtered resources, i.e. build is platform dependent!
2023-08-18 11:54:42,782 [Worker-399: Building] INFO  o.e.m.c.i.embedder.EclipseLogger - Copying 0 resource
2023-08-18 11:58:22,322 [Worker-399: Building] INFO  o.e.m.c.i.l.LifecycleMappingFactory - Using org.eclipse.m2e.jdt.JarLifecycleMapping lifecycle mapping for MavenProject: com.osttra.jdbc:maven-jdbc:0.0.1-SNAPSHOT @ C:\Users\Manit Hira\OneDrive\Desktop\OstraNotepad\maven-jdbc\pom.xml.
2023-08-18 11:58:22,519 [Worker-399: Building] INFO  o.e.m.c.i.e.AbstractTransferListenerAdapter - Downloading https://repo.maven.apache.org/maven2/mysql/mysql-connector-java/8.0.33/mysql-connector-java-8.0.33.pom
2023-08-18 11:58:22,560 [Worker-399: Building] INFO  o.e.m.c.i.e.AbstractTransferListenerAdapter - Downloaded https://repo.maven.apache.org/maven2/mysql/mysql-connector-java/8.0.33/mysql-connector-java-8.0.33.pom
2023-08-18 11:58:22,569 [Worker-399: Building] WARN  o.a.m.r.i.DefaultArtifactDescriptorReader - The artifact mysql:mysql-connector-java:jar:8.0.33 has been relocated to com.mysql:mysql-connector-j:jar:8.0.33: MySQL Connector/J artifacts moved to reverse-DNS compliant Maven 2+ coordinates.
2023-08-18 11:58:22,753 [Worker-399: Building] WARN  o.e.m.c.i.embedder.EclipseLogger - Using platform encoding (Cp1252 actually) to copy filtered resources, i.e. build is platform dependent!
2023-08-18 11:58:22,755 [Worker-399: Building] INFO  o.e.m.c.i.embedder.EclipseLogger - Copying 0 resource
2023-08-18 11:58:22,757 [Worker-399: Building] WARN  o.e.m.c.i.embedder.EclipseLogger - Using platform encoding (Cp1252 actually) to copy filtered resources, i.e. build is platform dependent!
2023-08-18 11:58:22,758 [Worker-399: Building] INFO  o.e.m.c.i.embedder.EclipseLogger - Copying 0 resource
2023-08-18 11:58:24,048 [Worker-409: Building] WARN  o.a.m.r.i.DefaultArtifactDescriptorReader - The artifact mysql:mysql-connector-java:jar:8.0.33 has been relocated to com.mysql:mysql-connector-j:jar:8.0.33: MySQL Connector/J artifacts moved to reverse-DNS compliant Maven 2+ coordinates.
2023-08-18 11:58:24,059 [Worker-409: Building] WARN  o.e.m.c.i.embedder.EclipseLogger - Using platform encoding (Cp1252 actually) to copy filtered resources, i.e. build is platform dependent!
2023-08-18 11:58:24,061 [Worker-409: Building] INFO  o.e.m.c.i.embedder.EclipseLogger - Copying 0 resource
2023-08-18 11:58:24,062 [Worker-409: Building] WARN  o.e.m.c.i.embedder.EclipseLogger - Using platform encoding (Cp1252 actually) to copy filtered resources, i.e. build is platform dependent!
2023-08-18 11:58:24,063 [Worker-409: Building] INFO  o.e.m.c.i.embedder.EclipseLogger - Copying 0 resource
2023-08-18 12:34:26,671 [Worker-410: Building] WARN  o.e.m.c.i.embedder.EclipseLogger - Using platform encoding (Cp1252 actually) to copy filtered resources, i.e. build is platform dependent!
2023-08-18 12:34:26,730 [Worker-410: Building] INFO  o.e.m.c.i.embedder.EclipseLogger - Copying 0 resource
2023-08-18 12:34:26,756 [Worker-410: Building] WARN  o.e.m.c.i.embedder.EclipseLogger - Using platform encoding (Cp1252 actually) to copy filtered resources, i.e. build is platform dependent!
2023-08-18 12:34:26,757 [Worker-410: Building] INFO  o.e.m.c.i.embedder.EclipseLogger - Copying 0 resource
2023-08-18 12:36:29,343 [Worker-410: Building] WARN  o.e.m.c.i.embedder.EclipseLogger - Using platform encoding (Cp1252 actually) to copy filtered resources, i.e. build is platform dependent!
2023-08-18 12:36:29,344 [Worker-410: Building] INFO  o.e.m.c.i.embedder.EclipseLogger - Copying 0 resource
2023-08-18 12:36:29,346 [Worker-410: Building] WARN  o.e.m.c.i.embedder.EclipseLogger - Using platform encoding (Cp1252 actually) to copy filtered resources, i.e. build is platform dependent!
2023-08-18 12:36:29,346 [Worker-410: Building] INFO  o.e.m.c.i.embedder.EclipseLogger - Copying 0 resource
2023-08-18 12:37:04,288 [Worker-399: Building] WARN  o.e.m.c.i.embedder.EclipseLogger - Using platform encoding (Cp1252 actually) to copy filtered resources, i.e. build is platform dependent!
2023-08-18 12:37:04,290 [Worker-399: Building] INFO  o.e.m.c.i.embedder.EclipseLogger - Copying 0 resource
2023-08-18 12:37:04,292 [Worker-399: Building] WARN  o.e.m.c.i.embedder.EclipseLogger - Using platform encoding (Cp1252 actually) to copy filtered resources, i.e. build is platform dependent!
2023-08-18 12:37:04,293 [Worker-399: Building] INFO  o.e.m.c.i.embedder.EclipseLogger - Copying 0 resource
2023-08-18 12:40:25,053 [Worker-414: Building] WARN  o.e.m.c.i.embedder.EclipseLogger - Using platform encoding (Cp1252 actually) to copy filtered resources, i.e. build is platform dependent!
2023-08-18 12:40:25,055 [Worker-414: Building] INFO  o.e.m.c.i.embedder.EclipseLogger - Copying 0 resource
2023-08-18 12:40:25,057 [Worker-414: Building] WARN  o.e.m.c.i.embedder.EclipseLogger - Using platform encoding (Cp1252 actually) to copy filtered resources, i.e. build is platform dependent!
2023-08-18 12:40:25,058 [Worker-414: Building] INFO  o.e.m.c.i.embedder.EclipseLogger - Copying 0 resource
2023-08-18 12:43:09,920 [Worker-399: Building] WARN  o.e.m.c.i.embedder.EclipseLogger - Using platform encoding (Cp1252 actually) to copy filtered resources, i.e. build is platform dependent!
2023-08-18 12:43:09,921 [Worker-399: Building] INFO  o.e.m.c.i.embedder.EclipseLogger - Copying 0 resource
2023-08-18 12:43:09,923 [Worker-399: Building] WARN  o.e.m.c.i.embedder.EclipseLogger - Using platform encoding (Cp1252 actually) to copy filtered resources, i.e. build is platform dependent!
2023-08-18 12:43:09,925 [Worker-399: Building] INFO  o.e.m.c.i.embedder.EclipseLogger - Copying 0 resource
2023-08-18 12:44:23,630 [Worker-399: Building] WARN  o.e.m.c.i.embedder.EclipseLogger - Using platform encoding (Cp1252 actually) to copy filtered resources, i.e. build is platform dependent!
2023-08-18 12:44:23,632 [Worker-399: Building] INFO  o.e.m.c.i.embedder.EclipseLogger - Copying 0 resource
2023-08-18 12:44:23,638 [Worker-399: Building] WARN  o.e.m.c.i.embedder.EclipseLogger - Using platform encoding (Cp1252 actually) to copy filtered resources, i.e. build is platform dependent!
2023-08-18 12:44:23,639 [Worker-399: Building] INFO  o.e.m.c.i.embedder.EclipseLogger - Copying 0 resource
2023-08-18 12:44:33,135 [Worker-413: Building] WARN  o.e.m.c.i.embedder.EclipseLogger - Using platform encoding (Cp1252 actually) to copy filtered resources, i.e. build is platform dependent!
2023-08-18 12:44:33,136 [Worker-413: Building] INFO  o.e.m.c.i.embedder.EclipseLogger - Copying 0 resource
2023-08-18 12:44:33,137 [Worker-413: Building] WARN  o.e.m.c.i.embedder.EclipseLogger - Using platform encoding (Cp1252 actually) to copy filtered resources, i.e. build is platform dependent!
2023-08-18 12:44:33,138 [Worker-413: Building] INFO  o.e.m.c.i.embedder.EclipseLogger - Copying 0 resource
2023-08-18 12:46:55,609 [Worker-413: Building] WARN  o.e.m.c.i.embedder.EclipseLogger - Using platform encoding (Cp1252 actually) to copy filtered resources, i.e. build is platform dependent!
2023-08-18 12:46:55,611 [Worker-413: Building] INFO  o.e.m.c.i.embedder.EclipseLogger - Copying 0 resource
2023-08-18 12:46:55,612 [Worker-413: Building] WARN  o.e.m.c.i.embedder.EclipseLogger - Using platform encoding (Cp1252 actually) to copy filtered resources, i.e. build is platform dependent!
2023-08-18 12:46:55,613 [Worker-413: Building] INFO  o.e.m.c.i.embedder.EclipseLogger - Copying 0 resource
2023-08-18 12:47:44,795 [Worker-413: Building] WARN  o.e.m.c.i.embedder.EclipseLogger - Using platform encoding (Cp1252 actually) to copy filtered resources, i.e. build is platform dependent!
2023-08-18 12:47:44,796 [Worker-413: Building] INFO  o.e.m.c.i.embedder.EclipseLogger - Copying 0 resource
2023-08-18 12:47:44,798 [Worker-413: Building] WARN  o.e.m.c.i.embedder.EclipseLogger - Using platform encoding (Cp1252 actually) to copy filtered resources, i.e. build is platform dependent!
2023-08-18 12:47:44,800 [Worker-413: Building] INFO  o.e.m.c.i.embedder.EclipseLogger - Copying 0 resource
2023-08-18 12:47:47,120 [Worker-414: Building] WARN  o.e.m.c.i.embedder.EclipseLogger - Using platform encoding (Cp1252 actually) to copy filtered resources, i.e. build is platform dependent!
2023-08-18 12:47:47,121 [Worker-414: Building] INFO  o.e.m.c.i.embedder.EclipseLogger - Copying 0 resource
2023-08-18 12:47:47,122 [Worker-414: Building] WARN  o.e.m.c.i.embedder.EclipseLogger - Using platform encoding (Cp1252 actually) to copy filtered resources, i.e. build is platform dependent!
2023-08-18 12:47:47,123 [Worker-414: Building] INFO  o.e.m.c.i.embedder.EclipseLogger - Copying 0 resource
2023-08-18 14:51:23,949 [Worker-414: Building] WARN  o.e.m.c.i.embedder.EclipseLogger - Using platform encoding (Cp1252 actually) to copy filtered resources, i.e. build is platform dependent!
2023-08-18 14:51:23,952 [Worker-414: Building] INFO  o.e.m.c.i.embedder.EclipseLogger - Copying 0 resource
2023-08-18 14:51:23,955 [Worker-414: Building] WARN  o.e.m.c.i.embedder.EclipseLogger - Using platform encoding (Cp1252 actually) to copy filtered resources, i.e. build is platform dependent!
2023-08-18 14:51:23,957 [Worker-414: Building] INFO  o.e.m.c.i.embedder.EclipseLogger - Copying 0 resource
2023-08-18 14:51:58,502 [Worker-419: Building] WARN  o.e.m.c.i.embedder.EclipseLogger - Using platform encoding (Cp1252 actually) to copy filtered resources, i.e. build is platform dependent!
2023-08-18 14:51:58,505 [Worker-419: Building] INFO  o.e.m.c.i.embedder.EclipseLogger - Copying 0 resource
2023-08-18 14:51:58,507 [Worker-419: Building] WARN  o.e.m.c.i.embedder.EclipseLogger - Using platform encoding (Cp1252 actually) to copy filtered resources, i.e. build is platform dependent!
2023-08-18 14:51:58,508 [Worker-419: Building] INFO  o.e.m.c.i.embedder.EclipseLogger - Copying 0 resource
2023-08-18 14:58:51,955 [Worker-420: Building] WARN  o.e.m.c.i.embedder.EclipseLogger - Using platform encoding (Cp1252 actually) to copy filtered resources, i.e. build is platform dependent!
2023-08-18 14:58:51,961 [Worker-420: Building] INFO  o.e.m.c.i.embedder.EclipseLogger - Copying 0 resource
2023-08-18 14:58:51,963 [Worker-420: Building] WARN  o.e.m.c.i.embedder.EclipseLogger - Using platform encoding (Cp1252 actually) to copy filtered resources, i.e. build is platform dependent!
2023-08-18 14:58:51,964 [Worker-420: Building] INFO  o.e.m.c.i.embedder.EclipseLogger - Copying 0 resource
2023-08-18 15:00:53,717 [Worker-425: Building] WARN  o.e.m.c.i.embedder.EclipseLogger - Using platform encoding (Cp1252 actually) to copy filtered resources, i.e. build is platform dependent!
2023-08-18 15:00:53,718 [Worker-425: Building] INFO  o.e.m.c.i.embedder.EclipseLogger - Copying 0 resource
2023-08-18 15:00:53,722 [Worker-425: Building] WARN  o.e.m.c.i.embedder.EclipseLogger - Using platform encoding (Cp1252 actually) to copy filtered resources, i.e. build is platform dependent!
2023-08-18 15:00:53,724 [Worker-425: Building] INFO  o.e.m.c.i.embedder.EclipseLogger - Copying 0 resource
2023-08-18 15:03:13,054 [Worker-422: Creating project "book-management"] INFO  o.e.m.c.i.l.LifecycleMappingFactory - Using org.eclipse.m2e.jdt.JarLifecycleMapping lifecycle mapping for MavenProject: com.osttra.book:book-management:0.0.1-SNAPSHOT @ C:\Users\Manit Hira\OneDrive\Desktop\OstraNotepad\book-management\pom.xml.
2023-08-18 15:03:13,104 [Worker-422: Creating project "book-management"] INFO  o.e.m.j.i.AbstractJavaProjectConfigurator - Adding source folder /book-management/src/main/java
2023-08-18 15:03:13,105 [Worker-422: Creating project "book-management"] INFO  o.e.m.j.i.AbstractJavaProjectConfigurator - Adding resource folder /book-management/src/main/resources
2023-08-18 15:03:13,105 [Worker-422: Creating project "book-management"] INFO  o.e.m.j.i.AbstractJavaProjectConfigurator - Adding source folder /book-management/src/test/java
2023-08-18 15:03:13,106 [Worker-422: Creating project "book-management"] INFO  o.e.m.j.i.AbstractJavaProjectConfigurator - Adding resource folder /book-management/src/test/resources
2023-08-18 15:03:13,873 [Worker-429: Building] WARN  o.e.m.c.i.embedder.EclipseLogger - Using platform encoding (Cp1252 actually) to copy filtered resources, i.e. build is platform dependent!
2023-08-18 15:03:13,875 [Worker-429: Building] INFO  o.e.m.c.i.embedder.EclipseLogger - Copying 0 resource
2023-08-18 15:03:13,878 [Worker-429: Building] WARN  o.e.m.c.i.embedder.EclipseLogger - Using platform encoding (Cp1252 actually) to copy filtered resources, i.e. build is platform dependent!
2023-08-18 15:03:13,883 [Worker-429: Building] INFO  o.e.m.c.i.embedder.EclipseLogger - Copying 0 resource
2023-08-18 15:03:48,982 [Worker-424: Building] INFO  o.e.m.c.i.l.LifecycleMappingFactory - Using org.eclipse.m2e.jdt.JarLifecycleMapping lifecycle mapping for MavenProject: com.osttra.book:book-management:0.0.1-SNAPSHOT @ C:\Users\Manit Hira\OneDrive\Desktop\OstraNotepad\book-management\pom.xml.
2023-08-18 15:03:49,004 [Worker-424: Building] WARN  o.a.m.r.i.DefaultArtifactDescriptorReader - The artifact mysql:mysql-connector-java:jar:8.0.33 has been relocated to com.mysql:mysql-connector-j:jar:8.0.33: MySQL Connector/J artifacts moved to reverse-DNS compliant Maven 2+ coordinates.
2023-08-18 15:03:49,112 [Worker-424: Building] WARN  o.e.m.c.i.embedder.EclipseLogger - Using platform encoding (Cp1252 actually) to copy filtered resources, i.e. build is platform dependent!
2023-08-18 15:03:49,113 [Worker-424: Building] INFO  o.e.m.c.i.embedder.EclipseLogger - Copying 0 resource
2023-08-18 15:03:49,115 [Worker-424: Building] WARN  o.e.m.c.i.embedder.EclipseLogger - Using platform encoding (Cp1252 actually) to copy filtered resources, i.e. build is platform dependent!
2023-08-18 15:03:49,115 [Worker-424: Building] INFO  o.e.m.c.i.embedder.EclipseLogger - Copying 0 resource
2023-08-18 15:03:50,220 [Worker-428: Building] WARN  o.a.m.r.i.DefaultArtifactDescriptorReader - The artifact mysql:mysql-connector-java:jar:8.0.33 has been relocated to com.mysql:mysql-connector-j:jar:8.0.33: MySQL Connector/J artifacts moved to reverse-DNS compliant Maven 2+ coordinates.
2023-08-18 15:03:50,235 [Worker-428: Building] WARN  o.e.m.c.i.embedder.EclipseLogger - Using platform encoding (Cp1252 actually) to copy filtered resources, i.e. build is platform dependent!
2023-08-18 15:03:50,237 [Worker-428: Building] INFO  o.e.m.c.i.embedder.EclipseLogger - Copying 0 resource
2023-08-18 15:03:50,239 [Worker-428: Building] WARN  o.e.m.c.i.embedder.EclipseLogger - Using platform encoding (Cp1252 actually) to copy filtered resources, i.e. build is platform dependent!
2023-08-18 15:03:50,240 [Worker-428: Building] INFO  o.e.m.c.i.embedder.EclipseLogger - Copying 0 resource
2023-08-18 15:04:56,558 [Worker-429: Building] WARN  o.e.m.c.i.embedder.EclipseLogger - Using platform encoding (Cp1252 actually) to copy filtered resources, i.e. build is platform dependent!
2023-08-18 15:04:56,559 [Worker-429: Building] INFO  o.e.m.c.i.embedder.EclipseLogger - Copying 0 resource
2023-08-18 15:04:56,560 [Worker-429: Building] WARN  o.e.m.c.i.embedder.EclipseLogger - Using platform encoding (Cp1252 actually) to copy filtered resources, i.e. build is platform dependent!
2023-08-18 15:04:56,563 [Worker-429: Building] INFO  o.e.m.c.i.embedder.EclipseLogger - Copying 0 resource
2023-08-18 15:10:23,964 [Worker-430: Building] WARN  o.e.m.c.i.embedder.EclipseLogger - Using platform encoding (Cp1252 actually) to copy filtered resources, i.e. build is platform dependent!
2023-08-18 15:10:23,965 [Worker-430: Building] INFO  o.e.m.c.i.embedder.EclipseLogger - Copying 0 resource
2023-08-18 15:10:23,966 [Worker-430: Building] WARN  o.e.m.c.i.embedder.EclipseLogger - Using platform encoding (Cp1252 actually) to copy filtered resources, i.e. build is platform dependent!
2023-08-18 15:10:23,966 [Worker-430: Building] INFO  o.e.m.c.i.embedder.EclipseLogger - Copying 0 resource
2023-08-18 15:11:31,810 [Worker-422: Building] WARN  o.e.m.c.i.embedder.EclipseLogger - Using platform encoding (Cp1252 actually) to copy filtered resources, i.e. build is platform dependent!
2023-08-18 15:11:31,811 [Worker-422: Building] INFO  o.e.m.c.i.embedder.EclipseLogger - Copying 0 resource
2023-08-18 15:11:31,814 [Worker-422: Building] WARN  o.e.m.c.i.embedder.EclipseLogger - Using platform encoding (Cp1252 actually) to copy filtered resources, i.e. build is platform dependent!
2023-08-18 15:11:31,816 [Worker-422: Building] INFO  o.e.m.c.i.embedder.EclipseLogger - Copying 0 resource
2023-08-18 15:18:48,655 [Worker-432: Building] WARN  o.e.m.c.i.embedder.EclipseLogger - Using platform encoding (Cp1252 actually) to copy filtered resources, i.e. build is platform dependent!
2023-08-18 15:18:48,657 [Worker-432: Building] INFO  o.e.m.c.i.embedder.EclipseLogger - Copying 0 resource
2023-08-18 15:18:48,658 [Worker-432: Building] WARN  o.e.m.c.i.embedder.EclipseLogger - Using platform encoding (Cp1252 actually) to copy filtered resources, i.e. build is platform dependent!
2023-08-18 15:18:48,658 [Worker-432: Building] INFO  o.e.m.c.i.embedder.EclipseLogger - Copying 0 resource
2023-08-18 15:19:19,578 [Worker-433: Building] WARN  o.e.m.c.i.embedder.EclipseLogger - Using platform encoding (Cp1252 actually) to copy filtered resources, i.e. build is platform dependent!
2023-08-18 15:19:19,580 [Worker-433: Building] INFO  o.e.m.c.i.embedder.EclipseLogger - Copying 0 resource
2023-08-18 15:19:19,580 [Worker-433: Building] WARN  o.e.m.c.i.embedder.EclipseLogger - Using platform encoding (Cp1252 actually) to copy filtered resources, i.e. build is platform dependent!
2023-08-18 15:19:19,582 [Worker-433: Building] INFO  o.e.m.c.i.embedder.EclipseLogger - Copying 0 resource
2023-08-18 15:21:12,479 [Worker-422: Building] WARN  o.e.m.c.i.embedder.EclipseLogger - Using platform encoding (Cp1252 actually) to copy filtered resources, i.e. build is platform dependent!
2023-08-18 15:21:12,481 [Worker-422: Building] INFO  o.e.m.c.i.embedder.EclipseLogger - Copying 0 resource
2023-08-18 15:21:12,483 [Worker-422: Building] WARN  o.e.m.c.i.embedder.EclipseLogger - Using platform encoding (Cp1252 actually) to copy filtered resources, i.e. build is platform dependent!
2023-08-18 15:21:12,484 [Worker-422: Building] INFO  o.e.m.c.i.embedder.EclipseLogger - Copying 0 resource
2023-08-18 15:22:09,924 [Worker-434: Building] WARN  o.e.m.c.i.embedder.EclipseLogger - Using platform encoding (Cp1252 actually) to copy filtered resources, i.e. build is platform dependent!
2023-08-18 15:22:09,925 [Worker-434: Building] INFO  o.e.m.c.i.embedder.EclipseLogger - Copying 0 resource
2023-08-18 15:22:09,926 [Worker-434: Building] WARN  o.e.m.c.i.embedder.EclipseLogger - Using platform encoding (Cp1252 actually) to copy filtered resources, i.e. build is platform dependent!
2023-08-18 15:22:09,927 [Worker-434: Building] INFO  o.e.m.c.i.embedder.EclipseLogger - Copying 0 resource
2023-08-18 15:22:29,472 [Worker-422: Building] WARN  o.e.m.c.i.embedder.EclipseLogger - Using platform encoding (Cp1252 actually) to copy filtered resources, i.e. build is platform dependent!
2023-08-18 15:22:29,474 [Worker-422: Building] INFO  o.e.m.c.i.embedder.EclipseLogger - Copying 0 resource
2023-08-18 15:22:29,475 [Worker-422: Building] WARN  o.e.m.c.i.embedder.EclipseLogger - Using platform encoding (Cp1252 actually) to copy filtered resources, i.e. build is platform dependent!
2023-08-18 15:22:29,476 [Worker-422: Building] INFO  o.e.m.c.i.embedder.EclipseLogger - Copying 0 resource
2023-08-18 15:23:12,966 [Worker-434: Building] WARN  o.e.m.c.i.embedder.EclipseLogger - Using platform encoding (Cp1252 actually) to copy filtered resources, i.e. build is platform dependent!
2023-08-18 15:23:12,967 [Worker-434: Building] INFO  o.e.m.c.i.embedder.EclipseLogger - Copying 0 resource
2023-08-18 15:23:12,968 [Worker-434: Building] WARN  o.e.m.c.i.embedder.EclipseLogger - Using platform encoding (Cp1252 actually) to copy filtered resources, i.e. build is platform dependent!
2023-08-18 15:23:12,969 [Worker-434: Building] INFO  o.e.m.c.i.embedder.EclipseLogger - Copying 0 resource
2023-08-18 15:23:25,390 [Worker-422: Building] WARN  o.e.m.c.i.embedder.EclipseLogger - Using platform encoding (Cp1252 actually) to copy filtered resources, i.e. build is platform dependent!
2023-08-18 15:23:25,391 [Worker-422: Building] INFO  o.e.m.c.i.embedder.EclipseLogger - Copying 0 resource
2023-08-18 15:23:25,393 [Worker-422: Building] WARN  o.e.m.c.i.embedder.EclipseLogger - Using platform encoding (Cp1252 actually) to copy filtered resources, i.e. build is platform dependent!
2023-08-18 15:23:25,394 [Worker-422: Building] INFO  o.e.m.c.i.embedder.EclipseLogger - Copying 0 resource
2023-08-18 15:26:04,078 [Worker-438: Building] WARN  o.e.m.c.i.embedder.EclipseLogger - Using platform encoding (Cp1252 actually) to copy filtered resources, i.e. build is platform dependent!
2023-08-18 15:26:04,080 [Worker-438: Building] INFO  o.e.m.c.i.embedder.EclipseLogger - Copying 0 resource
2023-08-18 15:26:04,084 [Worker-438: Building] WARN  o.e.m.c.i.embedder.EclipseLogger - Using platform encoding (Cp1252 actually) to copy filtered resources, i.e. build is platform dependent!
2023-08-18 15:26:04,086 [Worker-438: Building] INFO  o.e.m.c.i.embedder.EclipseLogger - Copying 0 resource
2023-08-18 15:26:47,423 [Worker-435: Building] WARN  o.e.m.c.i.embedder.EclipseLogger - Using platform encoding (Cp1252 actually) to copy filtered resources, i.e. build is platform dependent!
2023-08-18 15:26:47,424 [Worker-435: Building] INFO  o.e.m.c.i.embedder.EclipseLogger - Copying 0 resource
2023-08-18 15:26:47,426 [Worker-435: Building] WARN  o.e.m.c.i.embedder.EclipseLogger - Using platform encoding (Cp1252 actually) to copy filtered resources, i.e. build is platform dependent!
2023-08-18 15:26:47,427 [Worker-435: Building] INFO  o.e.m.c.i.embedder.EclipseLogger - Copying 0 resource
2023-08-18 15:27:03,651 [Worker-437: Building] WARN  o.e.m.c.i.embedder.EclipseLogger - Using platform encoding (Cp1252 actually) to copy filtered resources, i.e. build is platform dependent!
2023-08-18 15:27:03,652 [Worker-437: Building] INFO  o.e.m.c.i.embedder.EclipseLogger - Copying 0 resource
2023-08-18 15:27:03,653 [Worker-437: Building] WARN  o.e.m.c.i.embedder.EclipseLogger - Using platform encoding (Cp1252 actually) to copy filtered resources, i.e. build is platform dependent!
2023-08-18 15:27:03,653 [Worker-437: Building] INFO  o.e.m.c.i.embedder.EclipseLogger - Copying 0 resource
2023-08-18 15:27:47,190 [Worker-438: Building] WARN  o.e.m.c.i.embedder.EclipseLogger - Using platform encoding (Cp1252 actually) to copy filtered resources, i.e. build is platform dependent!
2023-08-18 15:27:47,191 [Worker-438: Building] INFO  o.e.m.c.i.embedder.EclipseLogger - Copying 0 resource
2023-08-18 15:27:47,192 [Worker-438: Building] WARN  o.e.m.c.i.embedder.EclipseLogger - Using platform encoding (Cp1252 actually) to copy filtered resources, i.e. build is platform dependent!
2023-08-18 15:27:47,193 [Worker-438: Building] INFO  o.e.m.c.i.embedder.EclipseLogger - Copying 0 resource
2023-08-18 15:27:55,283 [Worker-437: Building] WARN  o.e.m.c.i.embedder.EclipseLogger - Using platform encoding (Cp1252 actually) to copy filtered resources, i.e. build is platform dependent!
2023-08-18 15:27:55,285 [Worker-437: Building] INFO  o.e.m.c.i.embedder.EclipseLogger - Copying 0 resource
2023-08-18 15:27:55,286 [Worker-437: Building] WARN  o.e.m.c.i.embedder.EclipseLogger - Using platform encoding (Cp1252 actually) to copy filtered resources, i.e. build is platform dependent!
2023-08-18 15:27:55,288 [Worker-437: Building] INFO  o.e.m.c.i.embedder.EclipseLogger - Copying 0 resource
2023-08-18 15:28:49,210 [Worker-435: Building] WARN  o.e.m.c.i.embedder.EclipseLogger - Using platform encoding (Cp1252 actually) to copy filtered resources, i.e. build is platform dependent!
2023-08-18 15:28:49,212 [Worker-435: Building] INFO  o.e.m.c.i.embedder.EclipseLogger - Copying 0 resource
2023-08-18 15:28:49,214 [Worker-435: Building] WARN  o.e.m.c.i.embedder.EclipseLogger - Using platform encoding (Cp1252 actually) to copy filtered resources, i.e. build is platform dependent!
2023-08-18 15:28:49,215 [Worker-435: Building] INFO  o.e.m.c.i.embedder.EclipseLogger - Copying 0 resource
2023-08-18 15:29:20,805 [Worker-437: Building] WARN  o.e.m.c.i.embedder.EclipseLogger - Using platform encoding (Cp1252 actually) to copy filtered resources, i.e. build is platform dependent!
2023-08-18 15:29:20,807 [Worker-437: Building] INFO  o.e.m.c.i.embedder.EclipseLogger - Copying 0 resource
2023-08-18 15:29:20,810 [Worker-437: Building] WARN  o.e.m.c.i.embedder.EclipseLogger - Using platform encoding (Cp1252 actually) to copy filtered resources, i.e. build is platform dependent!
2023-08-18 15:29:20,812 [Worker-437: Building] INFO  o.e.m.c.i.embedder.EclipseLogger - Copying 0 resource
2023-08-18 15:29:29,865 [Worker-435: Building] WARN  o.e.m.c.i.embedder.EclipseLogger - Using platform encoding (Cp1252 actually) to copy filtered resources, i.e. build is platform dependent!
2023-08-18 15:29:29,868 [Worker-435: Building] INFO  o.e.m.c.i.embedder.EclipseLogger - Copying 0 resource
2023-08-18 15:29:29,869 [Worker-435: Building] WARN  o.e.m.c.i.embedder.EclipseLogger - Using platform encoding (Cp1252 actually) to copy filtered resources, i.e. build is platform dependent!
2023-08-18 15:29:29,869 [Worker-435: Building] INFO  o.e.m.c.i.embedder.EclipseLogger - Copying 0 resource
2023-08-18 15:29:39,102 [Worker-437: Building] WARN  o.e.m.c.i.embedder.EclipseLogger - Using platform encoding (Cp1252 actually) to copy filtered resources, i.e. build is platform dependent!
2023-08-18 15:29:39,103 [Worker-437: Building] INFO  o.e.m.c.i.embedder.EclipseLogger - Copying 0 resource
2023-08-18 15:29:39,104 [Worker-437: Building] WARN  o.e.m.c.i.embedder.EclipseLogger - Using platform encoding (Cp1252 actually) to copy filtered resources, i.e. build is platform dependent!
2023-08-18 15:29:39,105 [Worker-437: Building] INFO  o.e.m.c.i.embedder.EclipseLogger - Copying 0 resource
2023-08-18 15:30:30,996 [Worker-439: Building] WARN  o.e.m.c.i.embedder.EclipseLogger - Using platform encoding (Cp1252 actually) to copy filtered resources, i.e. build is platform dependent!
2023-08-18 15:30:30,997 [Worker-439: Building] INFO  o.e.m.c.i.embedder.EclipseLogger - Copying 0 resource
2023-08-18 15:30:30,999 [Worker-439: Building] WARN  o.e.m.c.i.embedder.EclipseLogger - Using platform encoding (Cp1252 actually) to copy filtered resources, i.e. build is platform dependent!
2023-08-18 15:30:31,001 [Worker-439: Building] INFO  o.e.m.c.i.embedder.EclipseLogger - Copying 0 resource
2023-08-18 15:32:21,075 [Worker-438: Building] WARN  o.e.m.c.i.embedder.EclipseLogger - Using platform encoding (Cp1252 actually) to copy filtered resources, i.e. build is platform dependent!
2023-08-18 15:32:21,076 [Worker-438: Building] INFO  o.e.m.c.i.embedder.EclipseLogger - Copying 0 resource
2023-08-18 15:32:21,077 [Worker-438: Building] WARN  o.e.m.c.i.embedder.EclipseLogger - Using platform encoding (Cp1252 actually) to copy filtered resources, i.e. build is platform dependent!
2023-08-18 15:32:21,079 [Worker-438: Building] INFO  o.e.m.c.i.embedder.EclipseLogger - Copying 0 resource
2023-08-18 15:38:13,602 [Worker-444: Building] WARN  o.e.m.c.i.embedder.EclipseLogger - Using platform encoding (Cp1252 actually) to copy filtered resources, i.e. build is platform dependent!
2023-08-18 15:38:13,604 [Worker-444: Building] INFO  o.e.m.c.i.embedder.EclipseLogger - Copying 0 resource
2023-08-18 15:38:13,605 [Worker-444: Building] WARN  o.e.m.c.i.embedder.EclipseLogger - Using platform encoding (Cp1252 actually) to copy filtered resources, i.e. build is platform dependent!
2023-08-18 15:38:13,607 [Worker-444: Building] INFO  o.e.m.c.i.embedder.EclipseLogger - Copying 0 resource
2023-08-18 15:40:10,710 [Worker-446: Building] WARN  o.e.m.c.i.embedder.EclipseLogger - Using platform encoding (Cp1252 actually) to copy filtered resources, i.e. build is platform dependent!
2023-08-18 15:40:10,712 [Worker-446: Building] INFO  o.e.m.c.i.embedder.EclipseLogger - Copying 0 resource
2023-08-18 15:40:10,713 [Worker-446: Building] WARN  o.e.m.c.i.embedder.EclipseLogger - Using platform encoding (Cp1252 actually) to copy filtered resources, i.e. build is platform dependent!
2023-08-18 15:40:10,714 [Worker-446: Building] INFO  o.e.m.c.i.embedder.EclipseLogger - Copying 0 resource
2023-08-18 15:41:12,176 [Worker-444: Building] WARN  o.e.m.c.i.embedder.EclipseLogger - Using platform encoding (Cp1252 actually) to copy filtered resources, i.e. build is platform dependent!
2023-08-18 15:41:12,177 [Worker-444: Building] INFO  o.e.m.c.i.embedder.EclipseLogger - Copying 0 resource
2023-08-18 15:41:12,178 [Worker-444: Building] WARN  o.e.m.c.i.embedder.EclipseLogger - Using platform encoding (Cp1252 actually) to copy filtered resources, i.e. build is platform dependent!
2023-08-18 15:41:12,179 [Worker-444: Building] INFO  o.e.m.c.i.embedder.EclipseLogger - Copying 0 resource
2023-08-18 15:42:25,522 [Worker-448: Building] WARN  o.e.m.c.i.embedder.EclipseLogger - Using platform encoding (Cp1252 actually) to copy filtered resources, i.e. build is platform dependent!
2023-08-18 15:42:25,524 [Worker-448: Building] INFO  o.e.m.c.i.embedder.EclipseLogger - Copying 0 resource
2023-08-18 15:42:25,525 [Worker-448: Building] WARN  o.e.m.c.i.embedder.EclipseLogger - Using platform encoding (Cp1252 actually) to copy filtered resources, i.e. build is platform dependent!
2023-08-18 15:42:25,526 [Worker-448: Building] INFO  o.e.m.c.i.embedder.EclipseLogger - Copying 0 resource
2023-08-18 15:43:30,049 [Worker-449: Building] WARN  o.e.m.c.i.embedder.EclipseLogger - Using platform encoding (Cp1252 actually) to copy filtered resources, i.e. build is platform dependent!
2023-08-18 15:43:30,051 [Worker-449: Building] INFO  o.e.m.c.i.embedder.EclipseLogger - Copying 0 resource
2023-08-18 15:43:30,052 [Worker-449: Building] WARN  o.e.m.c.i.embedder.EclipseLogger - Using platform encoding (Cp1252 actually) to copy filtered resources, i.e. build is platform dependent!
2023-08-18 15:43:30,053 [Worker-449: Building] INFO  o.e.m.c.i.embedder.EclipseLogger - Copying 0 resource
2023-08-18 15:43:37,735 [Worker-448: Building] WARN  o.e.m.c.i.embedder.EclipseLogger - Using platform encoding (Cp1252 actually) to copy filtered resources, i.e. build is platform dependent!
2023-08-18 15:43:37,737 [Worker-448: Building] INFO  o.e.m.c.i.embedder.EclipseLogger - Copying 0 resource
2023-08-18 15:43:37,739 [Worker-448: Building] WARN  o.e.m.c.i.embedder.EclipseLogger - Using platform encoding (Cp1252 actually) to copy filtered resources, i.e. build is platform dependent!
2023-08-18 15:43:37,740 [Worker-448: Building] INFO  o.e.m.c.i.embedder.EclipseLogger - Copying 0 resource
2023-08-18 15:43:49,952 [Worker-449: Building] WARN  o.e.m.c.i.embedder.EclipseLogger - Using platform encoding (Cp1252 actually) to copy filtered resources, i.e. build is platform dependent!
2023-08-18 15:43:49,953 [Worker-449: Building] INFO  o.e.m.c.i.embedder.EclipseLogger - Copying 0 resource
2023-08-18 15:43:49,954 [Worker-449: Building] WARN  o.e.m.c.i.embedder.EclipseLogger - Using platform encoding (Cp1252 actually) to copy filtered resources, i.e. build is platform dependent!
2023-08-18 15:43:49,955 [Worker-449: Building] INFO  o.e.m.c.i.embedder.EclipseLogger - Copying 0 resource
2023-08-18 15:44:32,781 [Worker-449: Building] WARN  o.e.m.c.i.embedder.EclipseLogger - Using platform encoding (Cp1252 actually) to copy filtered resources, i.e. build is platform dependent!
2023-08-18 15:44:32,783 [Worker-449: Building] INFO  o.e.m.c.i.embedder.EclipseLogger - Copying 0 resource
2023-08-18 15:44:32,783 [Worker-449: Building] WARN  o.e.m.c.i.embedder.EclipseLogger - Using platform encoding (Cp1252 actually) to copy filtered resources, i.e. build is platform dependent!
2023-08-18 15:44:32,784 [Worker-449: Building] INFO  o.e.m.c.i.embedder.EclipseLogger - Copying 0 resource
2023-08-18 15:45:11,866 [Worker-445: Building] WARN  o.e.m.c.i.embedder.EclipseLogger - Using platform encoding (Cp1252 actually) to copy filtered resources, i.e. build is platform dependent!
2023-08-18 15:45:11,868 [Worker-445: Building] INFO  o.e.m.c.i.embedder.EclipseLogger - Copying 0 resource
2023-08-18 15:45:11,869 [Worker-445: Building] WARN  o.e.m.c.i.embedder.EclipseLogger - Using platform encoding (Cp1252 actually) to copy filtered resources, i.e. build is platform dependent!
2023-08-18 15:45:11,870 [Worker-445: Building] INFO  o.e.m.c.i.embedder.EclipseLogger - Copying 0 resource
2023-08-18 15:45:36,183 [Worker-444: Building] WARN  o.e.m.c.i.embedder.EclipseLogger - Using platform encoding (Cp1252 actually) to copy filtered resources, i.e. build is platform dependent!
2023-08-18 15:45:36,184 [Worker-444: Building] INFO  o.e.m.c.i.embedder.EclipseLogger - Copying 0 resource
2023-08-18 15:45:36,185 [Worker-444: Building] WARN  o.e.m.c.i.embedder.EclipseLogger - Using platform encoding (Cp1252 actually) to copy filtered resources, i.e. build is platform dependent!
2023-08-18 15:45:36,186 [Worker-444: Building] INFO  o.e.m.c.i.embedder.EclipseLogger - Copying 0 resource
2023-08-18 15:45:40,307 [Worker-444: Building] WARN  o.e.m.c.i.embedder.EclipseLogger - Using platform encoding (Cp1252 actually) to copy filtered resources, i.e. build is platform dependent!
2023-08-18 15:45:40,309 [Worker-444: Building] INFO  o.e.m.c.i.embedder.EclipseLogger - Copying 0 resource
2023-08-18 15:45:40,311 [Worker-444: Building] WARN  o.e.m.c.i.embedder.EclipseLogger - Using platform encoding (Cp1252 actually) to copy filtered resources, i.e. build is platform dependent!
2023-08-18 15:45:40,311 [Worker-444: Building] INFO  o.e.m.c.i.embedder.EclipseLogger - Copying 0 resource
2023-08-18 15:53:46,264 [Worker-449: Building] WARN  o.e.m.c.i.embedder.EclipseLogger - Using platform encoding (Cp1252 actually) to copy filtered resources, i.e. build is platform dependent!
2023-08-18 15:53:46,266 [Worker-449: Building] INFO  o.e.m.c.i.embedder.EclipseLogger - Copying 0 resource
2023-08-18 15:53:46,267 [Worker-449: Building] WARN  o.e.m.c.i.embedder.EclipseLogger - Using platform encoding (Cp1252 actually) to copy filtered resources, i.e. build is platform dependent!
2023-08-18 15:53:46,268 [Worker-449: Building] INFO  o.e.m.c.i.embedder.EclipseLogger - Copying 0 resource
2023-08-18 15:54:56,108 [Worker-450: Building] WARN  o.e.m.c.i.embedder.EclipseLogger - Using platform encoding (Cp1252 actually) to copy filtered resources, i.e. build is platform dependent!
2023-08-18 15:54:56,111 [Worker-450: Building] INFO  o.e.m.c.i.embedder.EclipseLogger - Copying 0 resource
2023-08-18 15:54:56,113 [Worker-450: Building] WARN  o.e.m.c.i.embedder.EclipseLogger - Using platform encoding (Cp1252 actually) to copy filtered resources, i.e. build is platform dependent!
2023-08-18 15:54:56,113 [Worker-450: Building] INFO  o.e.m.c.i.embedder.EclipseLogger - Copying 0 resource
2023-08-18 15:55:10,936 [Worker-449: Building] WARN  o.e.m.c.i.embedder.EclipseLogger - Using platform encoding (Cp1252 actually) to copy filtered resources, i.e. build is platform dependent!
2023-08-18 15:55:10,937 [Worker-449: Building] INFO  o.e.m.c.i.embedder.EclipseLogger - Copying 0 resource
2023-08-18 15:55:10,939 [Worker-449: Building] WARN  o.e.m.c.i.embedder.EclipseLogger - Using platform encoding (Cp1252 actually) to copy filtered resources, i.e. build is platform dependent!
2023-08-18 15:55:10,940 [Worker-449: Building] INFO  o.e.m.c.i.embedder.EclipseLogger - Copying 0 resource
2023-08-18 15:56:14,414 [Worker-453: Building] WARN  o.e.m.c.i.embedder.EclipseLogger - Using platform encoding (Cp1252 actually) to copy filtered resources, i.e. build is platform dependent!
2023-08-18 15:56:14,416 [Worker-453: Building] INFO  o.e.m.c.i.embedder.EclipseLogger - Copying 0 resource
2023-08-18 15:56:14,417 [Worker-453: Building] WARN  o.e.m.c.i.embedder.EclipseLogger - Using platform encoding (Cp1252 actually) to copy filtered resources, i.e. build is platform dependent!
2023-08-18 15:56:14,418 [Worker-453: Building] INFO  o.e.m.c.i.embedder.EclipseLogger - Copying 0 resource
2023-08-18 16:03:32,893 [Worker-452: Building] WARN  o.e.m.c.i.embedder.EclipseLogger - Using platform encoding (Cp1252 actually) to copy filtered resources, i.e. build is platform dependent!
2023-08-18 16:03:32,894 [Worker-452: Building] INFO  o.e.m.c.i.embedder.EclipseLogger - Copying 0 resource
2023-08-18 16:03:32,895 [Worker-452: Building] WARN  o.e.m.c.i.embedder.EclipseLogger - Using platform encoding (Cp1252 actually) to copy filtered resources, i.e. build is platform dependent!
2023-08-18 16:03:32,896 [Worker-452: Building] INFO  o.e.m.c.i.embedder.EclipseLogger - Copying 0 resource
2023-08-18 16:05:19,372 [Worker-459: Building] WARN  o.e.m.c.i.embedder.EclipseLogger - Using platform encoding (Cp1252 actually) to copy filtered resources, i.e. build is platform dependent!
2023-08-18 16:05:19,374 [Worker-459: Building] INFO  o.e.m.c.i.embedder.EclipseLogger - Copying 0 resource
2023-08-18 16:05:19,375 [Worker-459: Building] WARN  o.e.m.c.i.embedder.EclipseLogger - Using platform encoding (Cp1252 actually) to copy filtered resources, i.e. build is platform dependent!
2023-08-18 16:05:19,376 [Worker-459: Building] INFO  o.e.m.c.i.embedder.EclipseLogger - Copying 0 resource
2023-08-18 16:05:26,247 [Worker-458: Building] WARN  o.e.m.c.i.embedder.EclipseLogger - Using platform encoding (Cp1252 actually) to copy filtered resources, i.e. build is platform dependent!
2023-08-18 16:05:26,249 [Worker-458: Building] INFO  o.e.m.c.i.embedder.EclipseLogger - Copying 0 resource
2023-08-18 16:05:26,249 [Worker-458: Building] WARN  o.e.m.c.i.embedder.EclipseLogger - Using platform encoding (Cp1252 actually) to copy filtered resources, i.e. build is platform dependent!
2023-08-18 16:05:26,250 [Worker-458: Building] INFO  o.e.m.c.i.embedder.EclipseLogger - Copying 0 resource
2023-08-18 16:06:57,774 [Worker-459: Building] WARN  o.e.m.c.i.embedder.EclipseLogger - Using platform encoding (Cp1252 actually) to copy filtered resources, i.e. build is platform dependent!
2023-08-18 16:06:57,775 [Worker-459: Building] INFO  o.e.m.c.i.embedder.EclipseLogger - Copying 0 resource
2023-08-18 16:06:57,776 [Worker-459: Building] WARN  o.e.m.c.i.embedder.EclipseLogger - Using platform encoding (Cp1252 actually) to copy filtered resources, i.e. build is platform dependent!
2023-08-18 16:06:57,777 [Worker-459: Building] INFO  o.e.m.c.i.embedder.EclipseLogger - Copying 0 resource
2023-08-18 16:09:05,059 [Worker-457: Building] WARN  o.e.m.c.i.embedder.EclipseLogger - Using platform encoding (Cp1252 actually) to copy filtered resources, i.e. build is platform dependent!
2023-08-18 16:09:05,060 [Worker-457: Building] INFO  o.e.m.c.i.embedder.EclipseLogger - Copying 0 resource
2023-08-18 16:09:05,062 [Worker-457: Building] WARN  o.e.m.c.i.embedder.EclipseLogger - Using platform encoding (Cp1252 actually) to copy filtered resources, i.e. build is platform dependent!
2023-08-18 16:09:05,063 [Worker-457: Building] INFO  o.e.m.c.i.embedder.EclipseLogger - Copying 0 resource
2023-08-18 16:11:34,387 [Worker-452: Building] WARN  o.e.m.c.i.embedder.EclipseLogger - Using platform encoding (Cp1252 actually) to copy filtered resources, i.e. build is platform dependent!
2023-08-18 16:11:34,389 [Worker-452: Building] INFO  o.e.m.c.i.embedder.EclipseLogger - Copying 0 resource
2023-08-18 16:11:34,389 [Worker-452: Building] WARN  o.e.m.c.i.embedder.EclipseLogger - Using platform encoding (Cp1252 actually) to copy filtered resources, i.e. build is platform dependent!
2023-08-18 16:11:34,391 [Worker-452: Building] INFO  o.e.m.c.i.embedder.EclipseLogger - Copying 0 resource
2023-08-18 16:12:12,320 [Worker-458: Building] WARN  o.e.m.c.i.embedder.EclipseLogger - Using platform encoding (Cp1252 actually) to copy filtered resources, i.e. build is platform dependent!
2023-08-18 16:12:12,322 [Worker-458: Building] INFO  o.e.m.c.i.embedder.EclipseLogger - Copying 0 resource
2023-08-18 16:12:12,323 [Worker-458: Building] WARN  o.e.m.c.i.embedder.EclipseLogger - Using platform encoding (Cp1252 actually) to copy filtered resources, i.e. build is platform dependent!
2023-08-18 16:12:12,323 [Worker-458: Building] INFO  o.e.m.c.i.embedder.EclipseLogger - Copying 0 resource
2023-08-18 16:12:14,394 [Worker-459: Building] WARN  o.e.m.c.i.embedder.EclipseLogger - Using platform encoding (Cp1252 actually) to copy filtered resources, i.e. build is platform dependent!
2023-08-18 16:12:14,395 [Worker-459: Building] INFO  o.e.m.c.i.embedder.EclipseLogger - Copying 0 resource
2023-08-18 16:12:14,397 [Worker-459: Building] WARN  o.e.m.c.i.embedder.EclipseLogger - Using platform encoding (Cp1252 actually) to copy filtered resources, i.e. build is platform dependent!
2023-08-18 16:12:14,398 [Worker-459: Building] INFO  o.e.m.c.i.embedder.EclipseLogger - Copying 0 resource
2023-08-18 16:12:34,532 [Worker-457: Building] WARN  o.e.m.c.i.embedder.EclipseLogger - Using platform encoding (Cp1252 actually) to copy filtered resources, i.e. build is platform dependent!
2023-08-18 16:12:34,533 [Worker-457: Building] INFO  o.e.m.c.i.embedder.EclipseLogger - Copying 0 resource
2023-08-18 16:12:34,534 [Worker-457: Building] WARN  o.e.m.c.i.embedder.EclipseLogger - Using platform encoding (Cp1252 actually) to copy filtered resources, i.e. build is platform dependent!
2023-08-18 16:12:34,534 [Worker-457: Building] INFO  o.e.m.c.i.embedder.EclipseLogger - Copying 0 resource
2023-08-18 16:13:13,745 [Worker-458: Building] WARN  o.e.m.c.i.embedder.EclipseLogger - Using platform encoding (Cp1252 actually) to copy filtered resources, i.e. build is platform dependent!
2023-08-18 16:13:13,746 [Worker-458: Building] INFO  o.e.m.c.i.embedder.EclipseLogger - Copying 0 resource
2023-08-18 16:13:13,748 [Worker-458: Building] WARN  o.e.m.c.i.embedder.EclipseLogger - Using platform encoding (Cp1252 actually) to copy filtered resources, i.e. build is platform dependent!
2023-08-18 16:13:13,750 [Worker-458: Building] INFO  o.e.m.c.i.embedder.EclipseLogger - Copying 0 resource
2023-08-18 16:15:59,596 [Worker-459: Building] WARN  o.e.m.c.i.embedder.EclipseLogger - Using platform encoding (Cp1252 actually) to copy filtered resources, i.e. build is platform dependent!
2023-08-18 16:15:59,598 [Worker-459: Building] INFO  o.e.m.c.i.embedder.EclipseLogger - Copying 0 resource
2023-08-18 16:15:59,599 [Worker-459: Building] WARN  o.e.m.c.i.embedder.EclipseLogger - Using platform encoding (Cp1252 actually) to copy filtered resources, i.e. build is platform dependent!
2023-08-18 16:15:59,600 [Worker-459: Building] INFO  o.e.m.c.i.embedder.EclipseLogger - Copying 0 resource
2023-08-18 16:16:43,468 [Worker-457: Building] WARN  o.e.m.c.i.embedder.EclipseLogger - Using platform encoding (Cp1252 actually) to copy filtered resources, i.e. build is platform dependent!
2023-08-18 16:16:43,469 [Worker-457: Building] INFO  o.e.m.c.i.embedder.EclipseLogger - Copying 0 resource
2023-08-18 16:16:43,470 [Worker-457: Building] WARN  o.e.m.c.i.embedder.EclipseLogger - Using platform encoding (Cp1252 actually) to copy filtered resources, i.e. build is platform dependent!
2023-08-18 16:16:43,471 [Worker-457: Building] INFO  o.e.m.c.i.embedder.EclipseLogger - Copying 0 resource
2023-08-18 16:18:23,812 [Worker-459: Building] WARN  o.e.m.c.i.embedder.EclipseLogger - Using platform encoding (Cp1252 actually) to copy filtered resources, i.e. build is platform dependent!
2023-08-18 16:18:23,813 [Worker-459: Building] INFO  o.e.m.c.i.embedder.EclipseLogger - Copying 0 resource
2023-08-18 16:18:23,815 [Worker-459: Building] WARN  o.e.m.c.i.embedder.EclipseLogger - Using platform encoding (Cp1252 actually) to copy filtered resources, i.e. build is platform dependent!
2023-08-18 16:18:23,817 [Worker-459: Building] INFO  o.e.m.c.i.embedder.EclipseLogger - Copying 0 resource
2023-08-18 16:20:35,469 [Worker-458: Building] WARN  o.e.m.c.i.embedder.EclipseLogger - Using platform encoding (Cp1252 actually) to copy filtered resources, i.e. build is platform dependent!
2023-08-18 16:20:35,470 [Worker-458: Building] INFO  o.e.m.c.i.embedder.EclipseLogger - Copying 0 resource
2023-08-18 16:20:35,472 [Worker-458: Building] WARN  o.e.m.c.i.embedder.EclipseLogger - Using platform encoding (Cp1252 actually) to copy filtered resources, i.e. build is platform dependent!
2023-08-18 16:20:35,474 [Worker-458: Building] INFO  o.e.m.c.i.embedder.EclipseLogger - Copying 0 resource
2023-08-18 16:22:55,062 [Worker-460: Building] WARN  o.e.m.c.i.embedder.EclipseLogger - Using platform encoding (Cp1252 actually) to copy filtered resources, i.e. build is platform dependent!
2023-08-18 16:22:55,063 [Worker-460: Building] INFO  o.e.m.c.i.embedder.EclipseLogger - Copying 0 resource
2023-08-18 16:22:55,064 [Worker-460: Building] WARN  o.e.m.c.i.embedder.EclipseLogger - Using platform encoding (Cp1252 actually) to copy filtered resources, i.e. build is platform dependent!
2023-08-18 16:22:55,065 [Worker-460: Building] INFO  o.e.m.c.i.embedder.EclipseLogger - Copying 0 resource
2023-08-18 16:27:30,040 [Worker-461: Building] WARN  o.e.m.c.i.embedder.EclipseLogger - Using platform encoding (Cp1252 actually) to copy filtered resources, i.e. build is platform dependent!
2023-08-18 16:27:30,043 [Worker-461: Building] INFO  o.e.m.c.i.embedder.EclipseLogger - Copying 0 resource
2023-08-18 16:27:30,043 [Worker-461: Building] WARN  o.e.m.c.i.embedder.EclipseLogger - Using platform encoding (Cp1252 actually) to copy filtered resources, i.e. build is platform dependent!
